<?xml version="1.0" encoding="UTF-8"?>
<!-- Generated by org.testng.reporters.JUnitXMLReporter -->
<testsuite ignored="0" hostname="LTIN511660" failures="0" tests="3" name="ChromeTest" time="219.212" errors="0" timestamp="2024-04-02T14:35:48 IST">
  <testcase classname="testCases.TestCase_001_TimeSheetValidation" name="userVerification" time="56.797"/>
  <testcase classname="testCases.TestCase_001_TimeSheetValidation" name="oneCognizantFunctions" time="15.081"/>
  <testcase classname="testCases.TestCase_001_TimeSheetValidation" name="timeSheetNavigation" time="98.181"/>
</testsuite> <!-- ChromeTest -->
