<?xml version="1.0" encoding="UTF-8"?>
<!-- Generated by org.testng.reporters.JUnitXMLReporter -->
<testsuite ignored="0" hostname="LTIN511660" failures="0" tests="3" name="EdgeTest" time="225.105" errors="0" timestamp="2024-04-02T14:39:34 IST">
  <testcase classname="testCases.TestCase_001_TimeSheetValidation" name="userVerification" time="56.074"/>
  <testcase classname="testCases.TestCase_001_TimeSheetValidation" name="oneCognizantFunctions" time="16.445"/>
  <testcase classname="testCases.TestCase_001_TimeSheetValidation" name="timeSheetNavigation" time="97.789"/>
</testsuite> <!-- EdgeTest -->
