<?xml version="1.0" encoding="UTF-8"?>
<testng-results ignored="0" total="6" passed="6" failed="0" skipped="0">
  <reporter-output>
  </reporter-output>
  <suite started-at="2024-04-02T14:32:08 IST" name="Suite" finished-at="2024-04-02T14:39:34 IST" duration-ms="445223">
    <groups>
    </groups>
    <test started-at="2024-04-02T14:32:08 IST" name="ChromeTest" finished-at="2024-04-02T14:35:48 IST" duration-ms="219212">
      <class name="testCases.TestCase_001_TimeSheetValidation">
        <test-method is-config="true" signature="setUpBrowser(java.lang.String)[pri:0, instance:testCases.TestCase_001_TimeSheetValidation@28261e8e]" started-at="2024-04-02T14:32:09 IST" name="setUpBrowser" finished-at="2024-04-02T14:32:46 IST" duration-ms="37700" status="PASS">
          <params>
            <param index="0">
              <value>
                <![CDATA[Chrome]]>
              </value>
            </param>
          </params>
          <reporter-output>
          </reporter-output>
        </test-method> <!-- setUpBrowser -->
        <test-method signature="userVerification()[pri:1, instance:testCases.TestCase_001_TimeSheetValidation@28261e8e]" started-at="2024-04-02T14:32:46 IST" name="userVerification" finished-at="2024-04-02T14:33:43 IST" duration-ms="56797" status="PASS">
          <reporter-output>
          </reporter-output>
        </test-method> <!-- userVerification -->
        <test-method signature="oneCognizantFunctions(java.lang.String,java.lang.String)[pri:2, instance:testCases.TestCase_001_TimeSheetValidation@28261e8e]" started-at="2024-04-02T14:33:43 IST" name="oneCognizantFunctions" finished-at="2024-04-02T14:33:58 IST" duration-ms="15081" status="PASS">
          <params>
            <param index="0">
              <value>
                <![CDATA[Timesheet]]>
              </value>
            </param>
            <param index="1">
              <value>
                <![CDATA[Chrome]]>
              </value>
            </param>
          </params>
          <reporter-output>
          </reporter-output>
        </test-method> <!-- oneCognizantFunctions -->
        <test-method signature="timeSheetNavigation()[pri:3, instance:testCases.TestCase_001_TimeSheetValidation@28261e8e]" started-at="2024-04-02T14:33:58 IST" name="timeSheetNavigation" finished-at="2024-04-02T14:35:36 IST" duration-ms="98181" status="PASS">
          <reporter-output>
          </reporter-output>
        </test-method> <!-- timeSheetNavigation -->
        <test-method is-config="true" signature="tearDown()[pri:0, instance:testCases.TestCase_001_TimeSheetValidation@28261e8e]" started-at="2024-04-02T14:35:36 IST" name="tearDown" finished-at="2024-04-02T14:35:48 IST" duration-ms="11107" status="PASS">
          <reporter-output>
          </reporter-output>
        </test-method> <!-- tearDown -->
      </class> <!-- testCases.TestCase_001_TimeSheetValidation -->
    </test> <!-- ChromeTest -->
    <test started-at="2024-04-02T14:35:48 IST" name="EdgeTest" finished-at="2024-04-02T14:39:34 IST" duration-ms="225105">
      <class name="testCases.TestCase_001_TimeSheetValidation">
        <test-method is-config="true" signature="setUpBrowser(java.lang.String)[pri:0, instance:testCases.TestCase_001_TimeSheetValidation@2b30a42c]" started-at="2024-04-02T14:35:48 IST" name="setUpBrowser" finished-at="2024-04-02T14:36:32 IST" duration-ms="43585" status="PASS">
          <params>
            <param index="0">
              <value>
                <![CDATA[Edge]]>
              </value>
            </param>
          </params>
          <reporter-output>
          </reporter-output>
        </test-method> <!-- setUpBrowser -->
        <test-method signature="userVerification()[pri:1, instance:testCases.TestCase_001_TimeSheetValidation@2b30a42c]" started-at="2024-04-02T14:36:32 IST" name="userVerification" finished-at="2024-04-02T14:37:28 IST" duration-ms="56074" status="PASS">
          <reporter-output>
          </reporter-output>
        </test-method> <!-- userVerification -->
        <test-method signature="oneCognizantFunctions(java.lang.String,java.lang.String)[pri:2, instance:testCases.TestCase_001_TimeSheetValidation@2b30a42c]" started-at="2024-04-02T14:37:28 IST" name="oneCognizantFunctions" finished-at="2024-04-02T14:37:45 IST" duration-ms="16445" status="PASS">
          <params>
            <param index="0">
              <value>
                <![CDATA[Timesheet]]>
              </value>
            </param>
            <param index="1">
              <value>
                <![CDATA[Edge]]>
              </value>
            </param>
          </params>
          <reporter-output>
          </reporter-output>
        </test-method> <!-- oneCognizantFunctions -->
        <test-method signature="timeSheetNavigation()[pri:3, instance:testCases.TestCase_001_TimeSheetValidation@2b30a42c]" started-at="2024-04-02T14:37:45 IST" name="timeSheetNavigation" finished-at="2024-04-02T14:39:22 IST" duration-ms="97789" status="PASS">
          <reporter-output>
          </reporter-output>
        </test-method> <!-- timeSheetNavigation -->
        <test-method is-config="true" signature="tearDown()[pri:0, instance:testCases.TestCase_001_TimeSheetValidation@2b30a42c]" started-at="2024-04-02T14:39:22 IST" name="tearDown" finished-at="2024-04-02T14:39:34 IST" duration-ms="11204" status="PASS">
          <reporter-output>
          </reporter-output>
        </test-method> <!-- tearDown -->
      </class> <!-- testCases.TestCase_001_TimeSheetValidation -->
    </test> <!-- EdgeTest -->
  </suite> <!-- Suite -->
</testng-results>
